<?xml version="1.0" encoding="utf-8"?><testsuites name="pytest tests"><testsuite name="pytest" errors="0" failures="0" skipped="1" tests="24" time="5.514" timestamp="2026-07-19T22:58:26.597775+00:00" hostname="agent-env-50b5a952-6349-4e2a-a7fd-cf6c0b0ed514"><testcase classname="backend.tests.test_shopify_cache_webhooks.TestCache" name="test_cache_snapshot_shape" time="0.201" /><testcase classname="backend.tests.test_shopify_cache_webhooks.TestCache" name="test_cache_hit_products" time="0.481" /><testcase classname="backend.tests.test_shopify_cache_webhooks.TestCache" name="test_cache_hit_collections" time="0.326" /><testcase classname="backend.tests.test_shopify_cache_webhooks.TestWebhookAuth" name="test_missing_hmac_returns_401" time="0.110" /><testcase classname="backend.tests.test_shopify_cache_webhooks.TestWebhookAuth" name="test_bad_hmac_returns_401" time="0.106" /><testcase classname="backend.tests.test_shopify_cache_webhooks.TestWebhookAuth" name="test_valid_hmac_returns_200" time="0.109" /><testcase classname="backend.tests.test_shopify_cache_webhooks.TestWebhookInvalidation" name="test_products_update_purges_products_and_collections" time="0.599" /><testcase classname="backend.tests.test_shopify_cache_webhooks" name="test_webhook_endpoint_valid_hmac[products-update-body0]" time="0.103" /><testcase classname="backend.tests.test_shopify_cache_webhooks" name="test_webhook_endpoint_valid_hmac[products-delete-body1]" time="0.098" /><testcase classname="backend.tests.test_shopify_cache_webhooks" name="test_webhook_endpoint_valid_hmac[collections-update-body2]" time="0.101" /><testcase classname="backend.tests.test_shopify_cache_webhooks" name="test_webhook_endpoint_valid_hmac[inventory-update-body3]" time="0.110" /><testcase classname="backend.tests.test_shopify_cache_webhooks" name="test_webhook_endpoint_valid_hmac[customers-update-body4]" time="0.115" /><testcase classname="backend.tests.test_shopify_cache_webhooks" name="test_webhook_endpoint_valid_hmac[customers-create-body5]" time="0.102" /><testcase classname="backend.tests.test_shopify_cache_webhooks" name="test_webhook_endpoint_valid_hmac[orders-create-body6]" time="0.102" /><testcase classname="backend.tests.test_shopify_cache_webhooks" name="test_webhook_endpoint_valid_hmac[pages-update-body7]" time="0.105" /><testcase classname="backend.tests.test_shopify_cache_webhooks" name="test_cache_purge_endpoint" time="0.105" /><testcase classname="backend.tests.test_shopify_cache_webhooks.TestSEO" name="test_seo_organization" time="0.048" /><testcase classname="backend.tests.test_shopify_cache_webhooks.TestSEO" name="test_seo_product" time="0.285" /><testcase classname="backend.tests.test_shopify_cache_webhooks.TestSEO" name="test_seo_collection" time="0.176"><skipped type="pytest.skip" message="no collections available">/app/backend/tests/test_shopify_cache_webhooks.py:188: no collections available</skipped></testcase><testcase classname="backend.tests.test_shopify_cache_webhooks.TestSEO" name="test_sitemap" time="0.235" /><testcase classname="backend.tests.test_shopify_cache_webhooks.TestSEO" name="test_robots" time="0.047" /><testcase classname="backend.tests.test_shopify_cache_webhooks.TestCustomers" name="test_shopify_health" time="0.421" /><testcase classname="backend.tests.test_shopify_cache_webhooks.TestCustomers" name="test_customer_login_returns_structured" time="0.567" /><testcase classname="backend.tests.test_shopify_cache_webhooks.TestCustomers" name="test_customer_me_with_stored_token" time="0.771" /></testsuite></testsuites>